18:02:49:849 (00017660) > [Startup] Ghost of Tsushima DIRECTOR'S CUT
18:02:49:849 (00017660) > [Startup] ==============
18:02:49:849 (00017660) > [Startup] 
18:02:49:849 (00017660) > [Startup] Build: v1053.8.1023.1614
18:02:49:849 (00017660) > [Startup] Windows 11.0 (build 26200.7171)
18:02:49:849 (00017660) > [Startup] Distribution platform: Steam
18:02:49:849 (00017660) > [Startup] Game directory: C:\Users\Darrellson\Documents\Ghost of Tsushima DIRECTOR'S CUT\
18:02:49:849 (00017660) > [Startup] Working directory: h:\Ghost of Tsushima DIRECTORS CUT
18:02:49:849 (00017660) > [Startup] Run ID: CFF0-2DAB-DFE8-092E
18:02:49:849 (00017660) > [Startup] 
18:02:49:849 (00017660) > [Startup] Memory statistics:
18:02:49:849 (00017660) > [Startup]   Total RAM = 15.7 GB (16093 MB)
18:02:49:849 (00017660) > [Startup]   Avail RAM = 9.5 GB (9694 MB)
18:02:49:849 (00017660) > [Startup]   Total virtual memory = 131072.0 GB (134217727 MB)
18:02:49:849 (00017660) > [Startup]   Avail virtual memory = 131066.7 GB (134212329 MB)
18:02:49:849 (00017660) > [Startup]   Total page file = 28.2 GB (28893 MB)
18:02:49:849 (00017660) > [Startup]   Avail page file = 19.7 GB (20142 MB)
18:02:49:849 (00017660) > [Startup] 
18:02:49:849 (00017660) > [Steam] Initializing.
18:02:49:849 (00017660) > [Steam] Successfully initialized.
18:02:49:849 (00017660) > [Steam] Currently connected to 0 remote sessions
18:02:49:849 (00017660) > [NxSteam] End previously existing file batch, did the game quit abnormally while saving?
18:02:49:849 (00017660) > [Steam] Steam beta branch: unknown
18:02:49:946 (00017660) > [NxApp] PreInit
18:02:49:946 (00017660) > [NxProcessorInfo] Processor info:
18:02:49:946 (00017660) > [NxProcessorInfo] 	Description:             	12th Gen Intel(R) Core(TM) i7-12700
18:02:49:946 (00017660) > [NxProcessorInfo] 	NumaNode Count:    	0
18:02:49:946 (00017660) > [NxProcessorInfo] 	Group Count:       	1
18:02:49:946 (00017660) > [NxProcessorInfo] 	Physical Core:     	12
18:02:49:946 (00017660) > [NxProcessorInfo] 		Performance Core:   8
18:02:49:946 (00017660) > [NxProcessorInfo] 		Efficiency  Core:   4
18:02:49:946 (00017660) > [NxProcessorInfo] 	Logical  Core:     	20
18:02:49:946 (00017660) > [NxProcessorInfo] 	Distinct L3 Cache: 	1
18:02:49:946 (00017660) > [NxProcessorInfo] 	Family:            	6
18:02:49:947 (00017660) > [NxProcessorInfo] 	Model:             	151
18:02:49:947 (00017660) > [NxProcessorInfo] 	Name:              	12th Gen Intel(R) Core(TM) i7-12700
18:02:49:947 (00017660) > [NxProcessorInfo] 	AVX:               	1
18:02:49:947 (00017660) > [NxProcessorInfo] 	F16C:              	1
18:02:49:947 (00017660) > [NxProcessorInfo] 	AVX2:              	1
18:02:49:947 (00017660) > [NxProcessorInfo] 	NormalAffinity(auto)
18:02:49:947 (00017660) > [SwapChain] Initializing...
18:02:49:947 (00017660) > [DXGI] Initializing...
18:02:51:632 (00017660) > [NxApp] Streamline was successfully initialized.
18:02:51:633 (00017660) > [DXGI] Successfully initialized.
18:02:51:633 (00017660) > [Render] Enumerating adapters:
18:02:51:633 (00017660) > [Render] 	Adapter 0:
18:02:51:633 (00017660) > [Monitor] 		Description             : NVIDIA GeForce RTX 3070
18:02:51:633 (00017660) > [Monitor] 		Vendor                  : nVidia (10de)
18:02:51:633 (00017660) > [Monitor] 		Device                  : 2484
18:02:51:633 (00017660) > [Monitor] 		Sub system              : 87b81043
18:02:51:633 (00017660) > [Monitor] 		Revision                : 161
18:02:51:633 (00017660) > [Monitor] 		Dedicated Video Memory  : 8018 MB
18:02:51:633 (00017660) > [Monitor] 		Dedicated System Memory : 0000 MB
18:02:51:633 (00017660) > [Monitor] 		Shared System Memory    : 8046 MB
18:02:51:633 (00017660) > [Monitor] 
18:02:51:633 (00017660) > [Render] Loading NVAPI...
18:02:51:634 (00017660) > [Render] Done loading NVAPI
18:02:51:634 (00017660) > [Render] 	Adapter 1:
18:02:51:634 (00017660) > [Monitor] 		Description             : Intel(R) UHD Graphics 770
18:02:51:634 (00017660) > [Monitor] 		Vendor                  : Intel (8086)
18:02:51:635 (00017660) > [Monitor] 		Device                  : 4680
18:02:51:635 (00017660) > [Monitor] 		Sub system              : 7d981462
18:02:51:635 (00017660) > [Monitor] 		Revision                : 12
18:02:51:635 (00017660) > [Monitor] 		Dedicated Video Memory  : 0128 MB
18:02:51:635 (00017660) > [Monitor] 		Dedicated System Memory : 0000 MB
18:02:51:635 (00017660) > [Monitor] 		Shared System Memory    : 8046 MB
18:02:51:635 (00017660) > [Monitor] 
18:02:51:635 (00017660) > [Render] 	Adapter 2:
18:02:51:635 (00017660) > [Monitor] 		Description             : Microsoft Basic Render Driver
18:02:51:635 (00017660) > [Monitor] 		Vendor                  : Unknown (1414)
18:02:51:635 (00017660) > [Monitor] 		Device                  : 8c
18:02:51:635 (00017660) > [Monitor] 		Sub system              : 0
18:02:51:635 (00017660) > [Monitor] 		Revision                : 0
18:02:51:635 (00017660) > [Monitor] 		Dedicated Video Memory  : 0000 MB
18:02:51:635 (00017660) > [Monitor] 		Dedicated System Memory : 0000 MB
18:02:51:635 (00017660) > [Monitor] 		Shared System Memory    : 8046 MB
18:02:51:635 (00017660) > [Monitor] 
18:02:51:635 (00017660) > [Render] Enumerating monitors:
18:02:51:635 (00017660) > [Render] 	Monitor 0: handle = 000000000001004e, aspect = 1.76, rounded aspect = 1.78
18:02:51:635 (00017660) > [Render] 	Monitor 1: handle = 0000000000020001, aspect = 1.78, rounded aspect = 1.78
18:02:51:635 (00017660) > [Render] 
18:02:51:636 (00017660) > [Render] 	Monitor handle = 000000000001004e, pixel aspect ratio = 1.00
18:02:51:638 (00017660) > [Render] 	Monitor handle = 0000000000020001, pixel aspect ratio = 1.00
18:02:51:638 (00017660) > [SwapChain] Successfully initialized.
18:02:51:638 (00017660) > [Render] Enumerating Display Modes:
18:02:51:639 (00017660) > [Render] Querying NVAPI for Surround modes
18:02:51:780 (00017660) > [Render] NvAPI_Mosaic_GetDisplayViewportsByResolution() - no surround modes detected
18:02:51:781 (00017660) > [Render] Querying NVAPI for Surround modes
18:02:51:886 (00017660) > [Render] NvAPI_Mosaic_GetDisplayViewportsByResolution() - no surround modes detected
18:02:51:886 (00017660) > [Render] 	Monitor '1 (NVIDIA GeForce RTX 3070(1))' (000000000001004e): rect(0 2560 0 1440)
18:02:51:886 (00017660) > [Render] 		- Mode  0 :  800 x  600 @  60 Hz, stereo = 0, hdr = 0 exclusive = 0
18:02:51:886 (00017660) > [Render] 		- Mode  1 :  800 x  600 @  60 Hz, stereo = 0, hdr = 0 exclusive = 0
18:02:51:886 (00017660) > [Render] 		- Mode  2 :  800 x  600 @  75 Hz, stereo = 0, hdr = 0 exclusive = 0
18:02:51:886 (00017660) > [Render] 		- Mode  3 :  800 x  600 @  75 Hz, stereo = 0, hdr = 0 exclusive = 0
18:02:51:886 (00017660) > [Render] 		- Mode  4 :  800 x  600 @ 100 Hz, stereo = 0, hdr = 0 exclusive = 0
18:02:51:886 (00017660) > [Render] 		- Mode  5 :  800 x  600 @ 100 Hz, stereo = 0, hdr = 0 exclusive = 0
18:02:51:886 (00017660) > [Render] 		- Mode  6 :  800 x  600 @ 120 Hz, stereo = 0, hdr = 0 exclusive = 0
18:02:51:886 (00017660) > [Render] 		- Mode  7 :  800 x  600 @ 120 Hz, stereo = 0, hdr = 0 exclusive = 0
18:02:51:886 (00017660) > [Render] 		- Mode  8 :  800 x  600 @  56 Hz, stereo = 0, hdr = 0 exclusive = 0
18:02:51:886 (00017660) > [Render] 		- Mode  9 :  800 x  600 @  72 Hz, stereo = 0, hdr = 0 exclusive = 0
18:02:51:886 (00017660) > [Render] 		- Mode 10 :  800 x  600 @ 120 Hz, stereo = 0, hdr = 0 exclusive = 0
18:02:51:886 (00017660) > [Render] 		- Mode 11 :  800 x  600 @ 120 Hz, stereo = 0, hdr = 0 exclusive = 0
18:02:51:886 (00017660) > [Render] 		- Mode 12 :  800 x  600 @ 144 Hz, stereo = 0, hdr = 0 exclusive = 0
18:02:51:886 (00017660) > [Render] 		- Mode 13 :  800 x  600 @ 144 Hz, stereo = 0, hdr = 0 exclusive = 0
18:02:51:886 (00017660) > [Render] 		- Mode 14 : 1024 x  768 @  60 Hz, stereo = 0, hdr = 0 exclusive = 0
18:02:51:886 (00017660) > [Render] 		- Mode 15 : 1024 x  768 @  60 Hz, stereo = 0, hdr = 0 exclusive = 0
18:02:51:886 (00017660) > [Render] 		- Mode 16 : 1024 x  768 @  75 Hz, stereo = 0, hdr = 0 exclusive = 0
18:02:51:886 (00017660) > [Render] 		- Mode 17 : 1024 x  768 @  75 Hz, stereo = 0, hdr = 0 exclusive = 0
18:02:51:886 (00017660) > [Render] 		- Mode 18 : 1024 x  768 @ 100 Hz, stereo = 0, hdr = 0 exclusive = 0
18:02:51:886 (00017660) > [Render] 		- Mode 19 : 1024 x  768 @ 100 Hz, stereo = 0, hdr = 0 exclusive = 0
18:02:51:886 (00017660) > [Render] 		- Mode 20 : 1024 x  768 @ 120 Hz, stereo = 0, hdr = 0 exclusive = 0
18:02:51:886 (00017660) > [Render] 		- Mode 21 : 1024 x  768 @ 120 Hz, stereo = 0, hdr = 0 exclusive = 0
18:02:51:886 (00017660) > [Render] 		- Mode 22 : 1024 x  768 @  70 Hz, stereo = 0, hdr = 0 exclusive = 0
18:02:51:886 (00017660) > [Render] 		- Mode 23 : 1024 x  768 @ 120 Hz, stereo = 0, hdr = 0 exclusive = 0
18:02:51:886 (00017660) > [Render] 		- Mode 24 : 1024 x  768 @ 120 Hz, stereo = 0, hdr = 0 exclusive = 0
18:02:51:886 (00017660) > [Render] 		- Mode 25 : 1024 x  768 @ 144 Hz, stereo = 0, hdr = 0 exclusive = 0
18:02:51:886 (00017660) > [Render] 		- Mode 26 : 1024 x  768 @ 144 Hz, stereo = 0, hdr = 0 exclusive = 0
18:02:51:886 (00017660) > [Render] 		- Mode 27 : 1152 x  864 @  60 Hz, stereo = 0, hdr = 0 exclusive = 0
18:02:51:886 (00017660) > [Render] 		- Mode 28 : 1152 x  864 @  60 Hz, stereo = 0, hdr = 0 exclusive = 0
18:02:51:886 (00017660) > [Render] 		- Mode 29 : 1152 x  864 @  75 Hz, stereo = 0, hdr = 0 exclusive = 0
18:02:51:886 (00017660) > [Render] 		- Mode 30 : 1152 x  864 @  75 Hz, stereo = 0, hdr = 0 exclusive = 0
18:02:51:886 (00017660) > [Render] 		- Mode 31 : 1152 x  864 @ 100 Hz, stereo = 0, hdr = 0 exclusive = 0
18:02:51:886 (00017660) > [Render] 		- Mode 32 : 1152 x  864 @ 100 Hz, stereo = 0, hdr = 0 exclusive = 0
18:02:51:886 (00017660) > [Render] 		- Mode 33 : 1152 x  864 @ 120 Hz, stereo = 0, hdr = 0 exclusive = 0
18:02:51:886 (00017660) > [Render] 		- Mode 34 : 1152 x  864 @ 120 Hz, stereo = 0, hdr = 0 exclusive = 0
18:02:51:886 (00017660) > [Render] 		- Mode 35 : 1152 x  864 @ 120 Hz, stereo = 0, hdr = 0 exclusive = 0
18:02:51:886 (00017660) > [Render] 		- Mode 36 : 1152 x  864 @ 120 Hz, stereo = 0, hdr = 0 exclusive = 0
18:02:51:886 (00017660) > [Render] 		- Mode 37 : 1152 x  864 @ 144 Hz, stereo = 0, hdr = 0 exclusive = 0
18:02:51:886 (00017660) > [Render] 		- Mode 38 : 1152 x  864 @ 144 Hz, stereo = 0, hdr = 0 exclusive = 0
18:02:51:886 (00017660) > [Render] 		- Mode 39 : 1176 x  664 @  60 Hz, stereo = 0, hdr = 0 exclusive = 0
18:02:51:886 (00017660) > [Render] 		- Mode 40 : 1176 x  664 @  60 Hz, stereo = 0, hdr = 0 exclusive = 0
18:02:51:886 (00017660) > [Render] 		- Mode 41 : 1176 x  664 @  75 Hz, stereo = 0, hdr = 0 exclusive = 0
18:02:51:886 (00017660) > [Render] 		- Mode 42 : 1176 x  664 @  75 Hz, stereo = 0, hdr = 0 exclusive = 0
18:02:51:886 (00017660) > [Render] 		- Mode 43 : 1176 x  664 @ 100 Hz, stereo = 0, hdr = 0 exclusive = 0
18:02:51:886 (00017660) > [Render] 		- Mode 44 : 1176 x  664 @ 100 Hz, stereo = 0, hdr = 0 exclusive = 0
18:02:51:886 (00017660) > [Render] 		- Mode 45 : 1176 x  664 @ 120 Hz, stereo = 0, hdr = 0 exclusive = 0
18:02:51:886 (00017660) > [Render] 		- Mode 46 : 1176 x  664 @ 120 Hz, stereo = 0, hdr = 0 exclusive = 0
18:02:51:886 (00017660) > [Render] 		- Mode 47 : 1176 x  664 @  60 Hz, stereo = 0, hdr = 0 exclusive = 0
18:02:51:886 (00017660) > [Render] 		- Mode 48 : 1176 x  664 @  60 Hz, stereo = 0, hdr = 0 exclusive = 0
18:02:51:886 (00017660) > [Render] 		- Mode 49 : 1176 x  664 @ 120 Hz, stereo = 0, hdr = 0 exclusive = 0
18:02:51:886 (00017660) > [Render] 		- Mode 50 : 1176 x  664 @ 120 Hz, stereo = 0, hdr = 0 exclusive = 0
18:02:51:886 (00017660) > [Render] 		- Mode 51 : 1176 x  664 @ 144 Hz, stereo = 0, hdr = 0 exclusive = 0
18:02:51:886 (00017660) > [Render] 		- Mode 52 : 1176 x  664 @ 144 Hz, stereo = 0, hdr = 0 exclusive = 0
18:02:51:886 (00017660) > [Render] 		- Mode 53 : 1280 x  720 @  60 Hz, stereo = 0, hdr = 0 exclusive = 0
18:02:51:886 (00017660) > [Render] 		- Mode 54 : 1280 x  720 @  60 Hz, stereo = 0, hdr = 0 exclusive = 0
18:02:51:886 (00017660) > [Render] 		- Mode 55 : 1280 x  720 @  75 Hz, stereo = 0, hdr = 0 exclusive = 0
18:02:51:886 (00017660) > [Render] 		- Mode 56 : 1280 x  720 @  75 Hz, stereo = 0, hdr = 0 exclusive = 0
18:02:51:886 (00017660) > [Render] 		- Mode 57 : 1280 x  720 @ 100 Hz, stereo = 0, hdr = 0 exclusive = 0
18:02:51:886 (00017660) > [Render] 		- Mode 58 : 1280 x  720 @ 100 Hz, stereo = 0, hdr = 0 exclusive = 0
18:02:51:886 (00017660) > [Render] 		- Mode 59 : 1280 x  720 @ 120 Hz, stereo = 0, hdr = 0 exclusive = 0
18:02:51:886 (00017660) > [Render] 		- Mode 60 : 1280 x  720 @ 120 Hz, stereo = 0, hdr = 0 exclusive = 0
18:02:51:886 (00017660) > [Render] 		- Mode 61 : 1280 x  720 @  60 Hz, stereo = 0, hdr = 0 exclusive = 0
18:02:51:886 (00017660) > [Render] 		- Mode 62 : 1280 x  720 @ 120 Hz, stereo = 0, hdr = 0 exclusive = 0
18:02:51:886 (00017660) > [Render] 		- Mode 63 : 1280 x  720 @ 120 Hz, stereo = 0, hdr = 0 exclusive = 0
18:02:51:886 (00017660) > [Render] 		- Mode 64 : 1280 x  720 @ 144 Hz, stereo = 0, hdr = 0 exclusive = 0
18:02:51:886 (00017660) > [Render] 		- Mode 65 : 1280 x  720 @ 144 Hz, stereo = 0, hdr = 0 exclusive = 0
18:02:51:886 (00017660) > [Render] 		- Mode 66 : 1280 x  768 @  60 Hz, stereo = 0, hdr = 0 exclusive = 0
18:02:51:886 (00017660) > [Render] 		- Mode 67 : 1280 x  768 @  60 Hz, stereo = 0, hdr = 0 exclusive = 0
18:02:51:886 (00017660) > [Render] 		- Mode 68 : 1280 x  768 @  75 Hz, stereo = 0, hdr = 0 exclusive = 0
18:02:51:886 (00017660) > [Render] 		- Mode 69 : 1280 x  768 @  75 Hz, stereo = 0, hdr = 0 exclusive = 0
18:02:51:886 (00017660) > [Render] 		- Mode 70 : 1280 x  768 @ 100 Hz, stereo = 0, hdr = 0 exclusive = 0
18:02:51:886 (00017660) > [Render] 		- Mode 71 : 1280 x  768 @ 100 Hz, stereo = 0, hdr = 0 exclusive = 0
18:02:51:886 (00017660) > [Render] 		- Mode 72 : 1280 x  768 @ 120 Hz, stereo = 0, hdr = 0 exclusive = 0
18:02:51:886 (00017660) > [Render] 		- Mode 73 : 1280 x  768 @ 120 Hz, stereo = 0, hdr = 0 exclusive = 0
18:02:51:886 (00017660) > [Render] 		- Mode 74 : 1280 x  768 @ 120 Hz, stereo = 0, hdr = 0 exclusive = 0
18:02:51:886 (00017660) > [Render] 		- Mode 75 : 1280 x  768 @ 120 Hz, stereo = 0, hdr = 0 exclusive = 0
18:02:51:886 (00017660) > [Render] 		- Mode 76 : 1280 x  768 @ 144 Hz, stereo = 0, hdr = 0 exclusive = 0
18:02:51:886 (00017660) > [Render] 		- Mode 77 : 1280 x  768 @ 144 Hz, stereo = 0, hdr = 0 exclusive = 0
18:02:51:886 (00017660) > [Render] 		- Mode 78 : 1280 x  800 @  60 Hz, stereo = 0, hdr = 0 exclusive = 0
18:02:51:886 (00017660) > [Render] 		- Mode 79 : 1280 x  800 @  60 Hz, stereo = 0, hdr = 0 exclusive = 0
18:02:51:886 (00017660) > [Render] 		- Mode 80 : 1280 x  800 @  75 Hz, stereo = 0, hdr = 0 exclusive = 0
18:02:51:886 (00017660) > [Render] 		- Mode 81 : 1280 x  800 @  75 Hz, stereo = 0, hdr = 0 exclusive = 0
18:02:51:886 (00017660) > [Render] 		- Mode 82 : 1280 x  800 @ 100 Hz, stereo = 0, hdr = 0 exclusive = 0
18:02:51:886 (00017660) > [Render] 		- Mode 83 : 1280 x  800 @ 100 Hz, stereo = 0, hdr = 0 exclusive = 0
18:02:51:886 (00017660) > [Render] 		- Mode 84 : 1280 x  800 @ 120 Hz, stereo = 0, hdr = 0 exclusive = 0
18:02:51:886 (00017660) > [Render] 		- Mode 85 : 1280 x  800 @ 120 Hz, stereo = 0, hdr = 0 exclusive = 0
18:02:51:886 (00017660) > [Render] 		- Mode 86 : 1280 x  800 @ 120 Hz, stereo = 0, hdr = 0 exclusive = 0
18:02:51:886 (00017660) > [Render] 		- Mode 87 : 1280 x  800 @ 120 Hz, stereo = 0, hdr = 0 exclusive = 0
18:02:51:886 (00017660) > [Render] 		- Mode 88 : 1280 x  800 @ 144 Hz, stereo = 0, hdr = 0 exclusive = 0
18:02:51:886 (00017660) > [Render] 		- Mode 89 : 1280 x  800 @ 144 Hz, stereo = 0, hdr = 0 exclusive = 0
18:02:51:886 (00017660) > [Render] 		- Mode 90 : 1280 x  960 @  60 Hz, stereo = 0, hdr = 0 exclusive = 0
18:02:51:886 (00017660) > [Render] 		- Mode 91 : 1280 x  960 @  60 Hz, stereo = 0, hdr = 0 exclusive = 0
18:02:51:886 (00017660) > [Render] 		- Mode 92 : 1280 x  960 @  75 Hz, stereo = 0, hdr = 0 exclusive = 0
18:02:51:886 (00017660) > [Render] 		- Mode 93 : 1280 x  960 @  75 Hz, stereo = 0, hdr = 0 exclusive = 0
18:02:51:886 (00017660) > [Render] 		- Mode 94 : 1280 x  960 @ 100 Hz, stereo = 0, hdr = 0 exclusive = 0
18:02:51:886 (00017660) > [Render] 		- Mode 95 : 1280 x  960 @ 100 Hz, stereo = 0, hdr = 0 exclusive = 0
18:02:51:886 (00017660) > [Render] 		- Mode 96 : 1280 x  960 @ 120 Hz, stereo = 0, hdr = 0 exclusive = 0
18:02:51:886 (00017660) > [Render] 		- Mode 97 : 1280 x  960 @ 120 Hz, stereo = 0, hdr = 0 exclusive = 0
18:02:51:886 (00017660) > [Render] 		- Mode 98 : 1280 x  960 @ 120 Hz, stereo = 0, hdr = 0 exclusive = 0
18:02:51:886 (00017660) > [Render] 		- Mode 99 : 1280 x  960 @ 120 Hz, stereo = 0, hdr = 0 exclusive = 0
18:02:51:886 (00017660) > [Render] 		- Mode 100 : 1280 x  960 @ 144 Hz, stereo = 0, hdr = 0 exclusive = 0
18:02:51:886 (00017660) > [Render] 		- Mode 101 : 1280 x  960 @ 144 Hz, stereo = 0, hdr = 0 exclusive = 0
18:02:51:886 (00017660) > [Render] 		- Mode 102 : 1280 x 1024 @  60 Hz, stereo = 0, hdr = 0 exclusive = 0
18:02:51:886 (00017660) > [Render] 		- Mode 103 : 1280 x 1024 @  60 Hz, stereo = 0, hdr = 0 exclusive = 0
18:02:51:886 (00017660) > [Render] 		- Mode 104 : 1280 x 1024 @  75 Hz, stereo = 0, hdr = 0 exclusive = 0
18:02:51:886 (00017660) > [Render] 		- Mode 105 : 1280 x 1024 @  75 Hz, stereo = 0, hdr = 0 exclusive = 0
18:02:51:886 (00017660) > [Render] 		- Mode 106 : 1280 x 1024 @ 100 Hz, stereo = 0, hdr = 0 exclusive = 0
18:02:51:886 (00017660) > [Render] 		- Mode 107 : 1280 x 1024 @ 100 Hz, stereo = 0, hdr = 0 exclusive = 0
18:02:51:886 (00017660) > [Render] 		- Mode 108 : 1280 x 1024 @ 120 Hz, stereo = 0, hdr = 0 exclusive = 0
18:02:51:886 (00017660) > [Render] 		- Mode 109 : 1280 x 1024 @ 120 Hz, stereo = 0, hdr = 0 exclusive = 0
18:02:51:886 (00017660) > [Render] 		- Mode 110 : 1280 x 1024 @ 120 Hz, stereo = 0, hdr = 0 exclusive = 0
18:02:51:886 (00017660) > [Render] 		- Mode 111 : 1280 x 1024 @ 120 Hz, stereo = 0, hdr = 0 exclusive = 0
18:02:51:886 (00017660) > [Render] 		- Mode 112 : 1280 x 1024 @ 144 Hz, stereo = 0, hdr = 0 exclusive = 0
18:02:51:886 (00017660) > [Render] 		- Mode 113 : 1280 x 1024 @ 144 Hz, stereo = 0, hdr = 0 exclusive = 0
18:02:51:886 (00017660) > [Render] 		- Mode 114 : 1360 x  768 @  60 Hz, stereo = 0, hdr = 0 exclusive = 0
18:02:51:886 (00017660) > [Render] 		- Mode 115 : 1360 x  768 @  60 Hz, stereo = 0, hdr = 0 exclusive = 0
18:02:51:886 (00017660) > [Render] 		- Mode 116 : 1360 x  768 @  75 Hz, stereo = 0, hdr = 0 exclusive = 0
18:02:51:886 (00017660) > [Render] 		- Mode 117 : 1360 x  768 @  75 Hz, stereo = 0, hdr = 0 exclusive = 0
18:02:51:886 (00017660) > [Render] 		- Mode 118 : 1360 x  768 @ 100 Hz, stereo = 0, hdr = 0 exclusive = 0
18:02:51:886 (00017660) > [Render] 		- Mode 119 : 1360 x  768 @ 100 Hz, stereo = 0, hdr = 0 exclusive = 0
18:02:51:886 (00017660) > [Render] 		- Mode 120 : 1360 x  768 @ 120 Hz, stereo = 0, hdr = 0 exclusive = 0
18:02:51:886 (00017660) > [Render] 		- Mode 121 : 1360 x  768 @ 120 Hz, stereo = 0, hdr = 0 exclusive = 0
18:02:51:886 (00017660) > [Render] 		- Mode 122 : 1360 x  768 @ 120 Hz, stereo = 0, hdr = 0 exclusive = 0
18:02:51:886 (00017660) > [Render] 		- Mode 123 : 1360 x  768 @ 120 Hz, stereo = 0, hdr = 0 exclusive = 0
18:02:51:886 (00017660) > [Render] 		- Mode 124 : 1360 x  768 @ 144 Hz, stereo = 0, hdr = 0 exclusive = 0
18:02:51:886 (00017660) > [Render] 		- Mode 125 : 1360 x  768 @ 144 Hz, stereo = 0, hdr = 0 exclusive = 0
18:02:51:886 (00017660) > [Render] 		- Mode 126 : 1366 x  768 @  60 Hz, stereo = 0, hdr = 0 exclusive = 0
18:02:51:886 (00017660) > [Render] 		- Mode 127 : 1366 x  768 @  60 Hz, stereo = 0, hdr = 0 exclusive = 0
18:02:51:886 (00017660) > [Render] 		- Mode 128 : 1366 x  768 @  75 Hz, stereo = 0, hdr = 0 exclusive = 0
18:02:51:886 (00017660) > [Render] 		- Mode 129 : 1366 x  768 @  75 Hz, stereo = 0, hdr = 0 exclusive = 0
18:02:51:886 (00017660) > [Render] 		- Mode 130 : 1366 x  768 @ 100 Hz, stereo = 0, hdr = 0 exclusive = 0
18:02:51:886 (00017660) > [Render] 		- Mode 131 : 1366 x  768 @ 100 Hz, stereo = 0, hdr = 0 exclusive = 0
18:02:51:886 (00017660) > [Render] 		- Mode 132 : 1366 x  768 @ 120 Hz, stereo = 0, hdr = 0 exclusive = 0
18:02:51:886 (00017660) > [Render] 		- Mode 133 : 1366 x  768 @ 120 Hz, stereo = 0, hdr = 0 exclusive = 0
18:02:51:886 (00017660) > [Render] 		- Mode 134 : 1366 x  768 @ 120 Hz, stereo = 0, hdr = 0 exclusive = 0
18:02:51:886 (00017660) > [Render] 		- Mode 135 : 1366 x  768 @ 120 Hz, stereo = 0, hdr = 0 exclusive = 0
18:02:51:886 (00017660) > [Render] 		- Mode 136 : 1366 x  768 @ 144 Hz, stereo = 0, hdr = 0 exclusive = 0
18:02:51:886 (00017660) > [Render] 		- Mode 137 : 1366 x  768 @ 144 Hz, stereo = 0, hdr = 0 exclusive = 0
18:02:51:886 (00017660) > [Render] 		- Mode 138 : 1440 x  900 @  60 Hz, stereo = 0, hdr = 0 exclusive = 0
18:02:51:886 (00017660) > [Render] 		- Mode 139 : 1440 x  900 @  60 Hz, stereo = 0, hdr = 0 exclusive = 0
18:02:51:886 (00017660) > [Render] 		- Mode 140 : 1440 x  900 @  75 Hz, stereo = 0, hdr = 0 exclusive = 0
18:02:51:886 (00017660) > [Render] 		- Mode 141 : 1440 x  900 @  75 Hz, stereo = 0, hdr = 0 exclusive = 0
18:02:51:886 (00017660) > [Render] 		- Mode 142 : 1440 x  900 @ 100 Hz, stereo = 0, hdr = 0 exclusive = 0
18:02:51:886 (00017660) > [Render] 		- Mode 143 : 1440 x  900 @ 100 Hz, stereo = 0, hdr = 0 exclusive = 0
18:02:51:886 (00017660) > [Render] 		- Mode 144 : 1440 x  900 @ 120 Hz, stereo = 0, hdr = 0 exclusive = 0
18:02:51:886 (00017660) > [Render] 		- Mode 145 : 1440 x  900 @ 120 Hz, stereo = 0, hdr = 0 exclusive = 0
18:02:51:886 (00017660) > [Render] 		- Mode 146 : 1440 x  900 @ 120 Hz, stereo = 0, hdr = 0 exclusive = 0
18:02:51:886 (00017660) > [Render] 		- Mode 147 : 1440 x  900 @ 120 Hz, stereo = 0, hdr = 0 exclusive = 0
18:02:51:886 (00017660) > [Render] 		- Mode 148 : 1440 x  900 @ 144 Hz, stereo = 0, hdr = 0 exclusive = 0
18:02:51:886 (00017660) > [Render] 		- Mode 149 : 1440 x  900 @ 144 Hz, stereo = 0, hdr = 0 exclusive = 0
18:02:51:886 (00017660) > [Render] 		- Mode 150 : 1440 x 1080 @  50 Hz, stereo = 0, hdr = 0 exclusive = 0
18:02:51:886 (00017660) > [Render] 		- Mode 151 : 1440 x 1080 @  50 Hz, stereo = 0, hdr = 0 exclusive = 0
18:02:51:886 (00017660) > [Render] 		- Mode 152 : 1440 x 1080 @  60 Hz, stereo = 0, hdr = 0 exclusive = 0
18:02:51:886 (00017660) > [Render] 		- Mode 153 : 1440 x 1080 @  60 Hz, stereo = 0, hdr = 0 exclusive = 0
18:02:51:886 (00017660) > [Render] 		- Mode 154 : 1440 x 1080 @  75 Hz, stereo = 0, hdr = 0 exclusive = 0
18:02:51:886 (00017660) > [Render] 		- Mode 155 : 1440 x 1080 @  75 Hz, stereo = 0, hdr = 0 exclusive = 0
18:02:51:886 (00017660) > [Render] 		- Mode 156 : 1440 x 1080 @ 100 Hz, stereo = 0, hdr = 0 exclusive = 0
18:02:51:886 (00017660) > [Render] 		- Mode 157 : 1440 x 1080 @ 100 Hz, stereo = 0, hdr = 0 exclusive = 0
18:02:51:886 (00017660) > [Render] 		- Mode 158 : 1440 x 1080 @ 120 Hz, stereo = 0, hdr = 0 exclusive = 0
18:02:51:886 (00017660) > [Render] 		- Mode 159 : 1440 x 1080 @ 120 Hz, stereo = 0, hdr = 0 exclusive = 0
18:02:51:886 (00017660) > [Render] 		- Mode 160 : 1440 x 1080 @  60 Hz, stereo = 0, hdr = 0 exclusive = 0
18:02:51:886 (00017660) > [Render] 		- Mode 161 : 1440 x 1080 @  60 Hz, stereo = 0, hdr = 0 exclusive = 0
18:02:51:886 (00017660) > [Render] 		- Mode 162 : 1440 x 1080 @ 120 Hz, stereo = 0, hdr = 0 exclusive = 0
18:02:51:886 (00017660) > [Render] 		- Mode 163 : 1440 x 1080 @ 120 Hz, stereo = 0, hdr = 0 exclusive = 0
18:02:51:886 (00017660) > [Render] 		- Mode 164 : 1440 x 1080 @ 144 Hz, stereo = 0, hdr = 0 exclusive = 0
18:02:51:886 (00017660) > [Render] 		- Mode 165 : 1440 x 1080 @ 144 Hz, stereo = 0, hdr = 0 exclusive = 0
18:02:51:886 (00017660) > [Render] 		- Mode 166 : 1600 x  900 @  60 Hz, stereo = 0, hdr = 0 exclusive = 0
18:02:51:886 (00017660) > [Render] 		- Mode 167 : 1600 x  900 @  60 Hz, stereo = 0, hdr = 0 exclusive = 0
18:02:51:886 (00017660) > [Render] 		- Mode 168 : 1600 x  900 @  75 Hz, stereo = 0, hdr = 0 exclusive = 0
18:02:51:886 (00017660) > [Render] 		- Mode 169 : 1600 x  900 @  75 Hz, stereo = 0, hdr = 0 exclusive = 0
18:02:51:886 (00017660) > [Render] 		- Mode 170 : 1600 x  900 @ 100 Hz, stereo = 0, hdr = 0 exclusive = 0
18:02:51:886 (00017660) > [Render] 		- Mode 171 : 1600 x  900 @ 100 Hz, stereo = 0, hdr = 0 exclusive = 0
18:02:51:886 (00017660) > [Render] 		- Mode 172 : 1600 x  900 @ 120 Hz, stereo = 0, hdr = 0 exclusive = 0
18:02:51:886 (00017660) > [Render] 		- Mode 173 : 1600 x  900 @ 120 Hz, stereo = 0, hdr = 0 exclusive = 0
18:02:51:886 (00017660) > [Render] 		- Mode 174 : 1600 x  900 @ 120 Hz, stereo = 0, hdr = 0 exclusive = 0
18:02:51:886 (00017660) > [Render] 		- Mode 175 : 1600 x  900 @ 120 Hz, stereo = 0, hdr = 0 exclusive = 0
18:02:51:886 (00017660) > [Render] 		- Mode 176 : 1600 x  900 @ 144 Hz, stereo = 0, hdr = 0 exclusive = 0
18:02:51:886 (00017660) > [Render] 		- Mode 177 : 1600 x  900 @ 144 Hz, stereo = 0, hdr = 0 exclusive = 0
18:02:51:886 (00017660) > [Render] 		- Mode 178 : 1600 x 1024 @  60 Hz, stereo = 0, hdr = 0 exclusive = 0
18:02:51:886 (00017660) > [Render] 		- Mode 179 : 1600 x 1024 @  60 Hz, stereo = 0, hdr = 0 exclusive = 0
18:02:51:886 (00017660) > [Render] 		- Mode 180 : 1600 x 1024 @  75 Hz, stereo = 0, hdr = 0 exclusive = 0
18:02:51:886 (00017660) > [Render] 		- Mode 181 : 1600 x 1024 @  75 Hz, stereo = 0, hdr = 0 exclusive = 0
18:02:51:886 (00017660) > [Render] 		- Mode 182 : 1600 x 1024 @ 100 Hz, stereo = 0, hdr = 0 exclusive = 0
18:02:51:886 (00017660) > [Render] 		- Mode 183 : 1600 x 1024 @ 100 Hz, stereo = 0, hdr = 0 exclusive = 0
18:02:51:886 (00017660) > [Render] 		- Mode 184 : 1600 x 1024 @ 120 Hz, stereo = 0, hdr = 0 exclusive = 0
18:02:51:886 (00017660) > [Render] 		- Mode 185 : 1600 x 1024 @ 120 Hz, stereo = 0, hdr = 0 exclusive = 0
18:02:51:886 (00017660) > [Render] 		- Mode 186 : 1600 x 1024 @  60 Hz, stereo = 0, hdr = 0 exclusive = 0
18:02:51:886 (00017660) > [Render] 		- Mode 187 : 1600 x 1024 @  60 Hz, stereo = 0, hdr = 0 exclusive = 0
18:02:51:886 (00017660) > [Render] 		- Mode 188 : 1600 x 1024 @ 120 Hz, stereo = 0, hdr = 0 exclusive = 0
18:02:51:886 (00017660) > [Render] 		- Mode 189 : 1600 x 1024 @ 120 Hz, stereo = 0, hdr = 0 exclusive = 0
18:02:51:886 (00017660) > [Render] 		- Mode 190 : 1600 x 1024 @ 144 Hz, stereo = 0, hdr = 0 exclusive = 0
18:02:51:886 (00017660) > [Render] 		- Mode 191 : 1600 x 1024 @ 144 Hz, stereo = 0, hdr = 0 exclusive = 0
18:02:51:886 (00017660) > [Render] 		- Mode 192 : 1600 x 1200 @ 144 Hz, stereo = 0, hdr = 0 exclusive = 0
18:02:51:886 (00017660) > [Render] 		- Mode 193 : 1600 x 1200 @ 144 Hz, stereo = 0, hdr = 0 exclusive = 0
18:02:51:886 (00017660) > [Render] 		- Mode 194 : 1600 x 1200 @  60 Hz, stereo = 0, hdr = 0 exclusive = 0
18:02:51:886 (00017660) > [Render] 		- Mode 195 : 1600 x 1200 @  60 Hz, stereo = 0, hdr = 0 exclusive = 0
18:02:51:886 (00017660) > [Render] 		- Mode 196 : 1600 x 1200 @  75 Hz, stereo = 0, hdr = 0 exclusive = 0
18:02:51:886 (00017660) > [Render] 		- Mode 197 : 1600 x 1200 @  75 Hz, stereo = 0, hdr = 0 exclusive = 0
18:02:51:886 (00017660) > [Render] 		- Mode 198 : 1600 x 1200 @ 100 Hz, stereo = 0, hdr = 0 exclusive = 0
18:02:51:886 (00017660) > [Render] 		- Mode 199 : 1600 x 1200 @ 100 Hz, stereo = 0, hdr = 0 exclusive = 0
18:02:51:886 (00017660) > [Render] 		- Mode 200 : 1600 x 1200 @ 120 Hz, stereo = 0, hdr = 0 exclusive = 0
18:02:51:886 (00017660) > [Render] 		- Mode 201 : 1600 x 1200 @ 120 Hz, stereo = 0, hdr = 0 exclusive = 0
18:02:51:886 (00017660) > [Render] 		- Mode 202 : 1600 x 1200 @  60 Hz, stereo = 0, hdr = 0 exclusive = 0
18:02:51:886 (00017660) > [Render] 		- Mode 203 : 1600 x 1200 @  60 Hz, stereo = 0, hdr = 0 exclusive = 0
18:02:51:886 (00017660) > [Render] 		- Mode 204 : 1680 x 1050 @  60 Hz, stereo = 0, hdr = 0 exclusive = 0
18:02:51:886 (00017660) > [Render] 		- Mode 205 : 1680 x 1050 @  60 Hz, stereo = 0, hdr = 0 exclusive = 0
18:02:51:886 (00017660) > [Render] 		- Mode 206 : 1680 x 1050 @  75 Hz, stereo = 0, hdr = 0 exclusive = 0
18:02:51:886 (00017660) > [Render] 		- Mode 207 : 1680 x 1050 @  75 Hz, stereo = 0, hdr = 0 exclusive = 0
18:02:51:886 (00017660) > [Render] 		- Mode 208 : 1680 x 1050 @ 100 Hz, stereo = 0, hdr = 0 exclusive = 0
18:02:51:886 (00017660) > [Render] 		- Mode 209 : 1680 x 1050 @ 100 Hz, stereo = 0, hdr = 0 exclusive = 0
18:02:51:886 (00017660) > [Render] 		- Mode 210 : 1680 x 1050 @ 120 Hz, stereo = 0, hdr = 0 exclusive = 0
18:02:51:886 (00017660) > [Render] 		- Mode 211 : 1680 x 1050 @ 120 Hz, stereo = 0, hdr = 0 exclusive = 0
18:02:51:886 (00017660) > [Render] 		- Mode 212 : 1680 x 1050 @  60 Hz, stereo = 0, hdr = 0 exclusive = 0
18:02:51:886 (00017660) > [Render] 		- Mode 213 : 1680 x 1050 @ 120 Hz, stereo = 0, hdr = 0 exclusive = 0
18:02:51:886 (00017660) > [Render] 		- Mode 214 : 1680 x 1050 @ 120 Hz, stereo = 0, hdr = 0 exclusive = 0
18:02:51:886 (00017660) > [Render] 		- Mode 215 : 1680 x 1050 @ 144 Hz, stereo = 0, hdr = 0 exclusive = 0
18:02:51:886 (00017660) > [Render] 		- Mode 216 : 1680 x 1050 @ 144 Hz, stereo = 0, hdr = 0 exclusive = 0
18:02:51:886 (00017660) > [Render] 		- Mode 217 : 1920 x 1080 @  50 Hz, stereo = 0, hdr = 0 exclusive = 0
18:02:51:886 (00017660) > [Render] 		- Mode 218 : 1920 x 1080 @  60 Hz, stereo = 0, hdr = 0 exclusive = 0
18:02:51:886 (00017660) > [Render] 		- Mode 219 : 1920 x 1080 @  75 Hz, stereo = 0, hdr = 0 exclusive = 0
18:02:51:886 (00017660) > [Render] 		- Mode 220 : 1920 x 1080 @ 100 Hz, stereo = 0, hdr = 0 exclusive = 0
18:02:51:886 (00017660) > [Render] 		- Mode 221 : 1920 x 1080 @ 120 Hz, stereo = 0, hdr = 0 exclusive = 0
18:02:51:886 (00017660) > [Render] 		- Mode 222 : 1920 x 1080 @  60 Hz, stereo = 0, hdr = 0 exclusive = 0
18:02:51:886 (00017660) > [Render] 		- Mode 223 : 1920 x 1080 @ 120 Hz, stereo = 0, hdr = 0 exclusive = 0
18:02:51:886 (00017660) > [Render] 		- Mode 224 : 1920 x 1080 @ 144 Hz, stereo = 0, hdr = 0 exclusive = 0
18:02:51:886 (00017660) > [Render] 		- Mode 225 : 1920 x 1200 @ 144 Hz, stereo = 0, hdr = 0 exclusive = 0
18:02:51:886 (00017660) > [Render] 		- Mode 226 : 1920 x 1200 @ 144 Hz, stereo = 0, hdr = 0 exclusive = 0
18:02:51:886 (00017660) > [Render] 		- Mode 227 : 1920 x 1200 @  60 Hz, stereo = 0, hdr = 0 exclusive = 0
18:02:51:886 (00017660) > [Render] 		- Mode 228 : 1920 x 1200 @  60 Hz, stereo = 0, hdr = 0 exclusive = 0
18:02:51:886 (00017660) > [Render] 		- Mode 229 : 1920 x 1200 @  75 Hz, stereo = 0, hdr = 0 exclusive = 0
18:02:51:886 (00017660) > [Render] 		- Mode 230 : 1920 x 1200 @  75 Hz, stereo = 0, hdr = 0 exclusive = 0
18:02:51:886 (00017660) > [Render] 		- Mode 231 : 1920 x 1200 @ 100 Hz, stereo = 0, hdr = 0 exclusive = 0
18:02:51:886 (00017660) > [Render] 		- Mode 232 : 1920 x 1200 @ 100 Hz, stereo = 0, hdr = 0 exclusive = 0
18:02:51:886 (00017660) > [Render] 		- Mode 233 : 1920 x 1200 @ 120 Hz, stereo = 0, hdr = 0 exclusive = 0
18:02:51:886 (00017660) > [Render] 		- Mode 234 : 1920 x 1200 @ 120 Hz, stereo = 0, hdr = 0 exclusive = 0
18:02:51:886 (00017660) > [Render] 		- Mode 235 : 1920 x 1200 @  60 Hz, stereo = 0, hdr = 0 exclusive = 0
18:02:51:886 (00017660) > [Render] 		- Mode 236 : 1920 x 1200 @  60 Hz, stereo = 0, hdr = 0 exclusive = 0
18:02:51:886 (00017660) > [Render] 		- Mode 237 : 1920 x 1440 @ 144 Hz, stereo = 0, hdr = 0 exclusive = 0
18:02:51:886 (00017660) > [Render] 		- Mode 238 : 1920 x 1440 @ 144 Hz, stereo = 0, hdr = 0 exclusive = 0
18:02:51:886 (00017660) > [Render] 		- Mode 239 : 1920 x 1440 @  60 Hz, stereo = 0, hdr = 0 exclusive = 0
18:02:51:886 (00017660) > [Render] 		- Mode 240 : 1920 x 1440 @  60 Hz, stereo = 0, hdr = 0 exclusive = 0
18:02:51:886 (00017660) > [Render] 		- Mode 241 : 1920 x 1440 @  75 Hz, stereo = 0, hdr = 0 exclusive = 0
18:02:51:886 (00017660) > [Render] 		- Mode 242 : 1920 x 1440 @  75 Hz, stereo = 0, hdr = 0 exclusive = 0
18:02:51:886 (00017660) > [Render] 		- Mode 243 : 1920 x 1440 @ 100 Hz, stereo = 0, hdr = 0 exclusive = 0
18:02:51:886 (00017660) > [Render] 		- Mode 244 : 1920 x 1440 @ 100 Hz, stereo = 0, hdr = 0 exclusive = 0
18:02:51:886 (00017660) > [Render] 		- Mode 245 : 1920 x 1440 @ 120 Hz, stereo = 0, hdr = 0 exclusive = 0
18:02:51:886 (00017660) > [Render] 		- Mode 246 : 1920 x 1440 @ 120 Hz, stereo = 0, hdr = 0 exclusive = 0
18:02:51:886 (00017660) > [Render] 		- Mode 247 : 1920 x 1440 @  60 Hz, stereo = 0, hdr = 0 exclusive = 0
18:02:51:887 (00017660) > [Render] 		- Mode 248 : 1920 x 1440 @  60 Hz, stereo = 0, hdr = 0 exclusive = 0
18:02:51:887 (00017660) > [Render] 		- Mode 249 : 2560 x 1440 @ 144 Hz, stereo = 0, hdr = 0 exclusive = 0
18:02:51:887 (00017660) > [Render] 		- Mode 250 : 2560 x 1440 @  60 Hz, stereo = 0, hdr = 0 exclusive = 0
18:02:51:887 (00017660) > [Render] 		- Mode 251 : 2560 x 1440 @  75 Hz, stereo = 0, hdr = 0 exclusive = 0
18:02:51:887 (00017660) > [Render] 		- Mode 252 : 2560 x 1440 @ 100 Hz, stereo = 0, hdr = 0 exclusive = 0
18:02:51:887 (00017660) > [Render] 		- Mode 253 : 2560 x 1440 @ 120 Hz, stereo = 0, hdr = 0 exclusive = 0
18:02:51:887 (00017660) > [Render] 		- Mode 254 : 2560 x 1440 @  60 Hz, stereo = 0, hdr = 0 exclusive = 0
18:02:51:887 (00017660) > [Render] ***** Additional Monitor Output Info *****
18:02:51:887 (00017660) > [Render] 		BitsPerColor: 8
18:02:51:887 (00017660) > [Render] 		Primaries: R=0.6807;0.3105  G=0.2764;0.6504  B=0.1504;0.0693  White-Point=0.3135;0.3291
18:02:51:887 (00017660) > [Render] 		HDR: No (Color Space: DXGI_COLOR_SPACE_RGB_FULL_G22_NONE_P709)
18:02:51:887 (00017660) > [Render] 		Luminance: Min=0.0100 Max=1499.0000 MaxFullFrame=799.0000
18:02:51:887 (00017660) > [Render] ******************************************
18:02:51:887 (00017660) > [Render] 	Monitor '2 (NVIDIA GeForce RTX 3070(1))' (0000000000020001): rect(-1920 0 365 1445)
18:02:51:887 (00017660) > [Render] 		- Mode  0 :  800 x  600 @  60 Hz, stereo = 0, hdr = 0 exclusive = 0
18:02:51:887 (00017660) > [Render] 		- Mode  1 :  800 x  600 @  60 Hz, stereo = 0, hdr = 0 exclusive = 0
18:02:51:887 (00017660) > [Render] 		- Mode  2 :  800 x  600 @  75 Hz, stereo = 0, hdr = 0 exclusive = 0
18:02:51:887 (00017660) > [Render] 		- Mode  3 :  800 x  600 @  75 Hz, stereo = 0, hdr = 0 exclusive = 0
18:02:51:887 (00017660) > [Render] 		- Mode  4 :  800 x  600 @ 100 Hz, stereo = 0, hdr = 0 exclusive = 0
18:02:51:887 (00017660) > [Render] 		- Mode  5 :  800 x  600 @ 100 Hz, stereo = 0, hdr = 0 exclusive = 0
18:02:51:887 (00017660) > [Render] 		- Mode  6 :  800 x  600 @ 120 Hz, stereo = 0, hdr = 0 exclusive = 0
18:02:51:887 (00017660) > [Render] 		- Mode  7 :  800 x  600 @ 120 Hz, stereo = 0, hdr = 0 exclusive = 0
18:02:51:887 (00017660) > [Render] 		- Mode  8 :  800 x  600 @  56 Hz, stereo = 0, hdr = 0 exclusive = 0
18:02:51:887 (00017660) > [Render] 		- Mode  9 :  800 x  600 @  72 Hz, stereo = 0, hdr = 0 exclusive = 0
18:02:51:887 (00017660) > [Render] 		- Mode 10 :  800 x  600 @ 120 Hz, stereo = 0, hdr = 0 exclusive = 0
18:02:51:887 (00017660) > [Render] 		- Mode 11 :  800 x  600 @ 120 Hz, stereo = 0, hdr = 0 exclusive = 0
18:02:51:887 (00017660) > [Render] 		- Mode 12 :  800 x  600 @ 144 Hz, stereo = 0, hdr = 0 exclusive = 0
18:02:51:887 (00017660) > [Render] 		- Mode 13 :  800 x  600 @ 144 Hz, stereo = 0, hdr = 0 exclusive = 0
18:02:51:887 (00017660) > [Render] 		- Mode 14 : 1024 x  768 @  60 Hz, stereo = 0, hdr = 0 exclusive = 0
18:02:51:887 (00017660) > [Render] 		- Mode 15 : 1024 x  768 @  60 Hz, stereo = 0, hdr = 0 exclusive = 0
18:02:51:887 (00017660) > [Render] 		- Mode 16 : 1024 x  768 @  75 Hz, stereo = 0, hdr = 0 exclusive = 0
18:02:51:887 (00017660) > [Render] 		- Mode 17 : 1024 x  768 @  75 Hz, stereo = 0, hdr = 0 exclusive = 0
18:02:51:887 (00017660) > [Render] 		- Mode 18 : 1024 x  768 @ 100 Hz, stereo = 0, hdr = 0 exclusive = 0
18:02:51:887 (00017660) > [Render] 		- Mode 19 : 1024 x  768 @ 100 Hz, stereo = 0, hdr = 0 exclusive = 0
18:02:51:887 (00017660) > [Render] 		- Mode 20 : 1024 x  768 @ 120 Hz, stereo = 0, hdr = 0 exclusive = 0
18:02:51:887 (00017660) > [Render] 		- Mode 21 : 1024 x  768 @ 120 Hz, stereo = 0, hdr = 0 exclusive = 0
18:02:51:887 (00017660) > [Render] 		- Mode 22 : 1024 x  768 @  70 Hz, stereo = 0, hdr = 0 exclusive = 0
18:02:51:887 (00017660) > [Render] 		- Mode 23 : 1024 x  768 @ 120 Hz, stereo = 0, hdr = 0 exclusive = 0
18:02:51:887 (00017660) > [Render] 		- Mode 24 : 1024 x  768 @ 120 Hz, stereo = 0, hdr = 0 exclusive = 0
18:02:51:887 (00017660) > [Render] 		- Mode 25 : 1024 x  768 @ 144 Hz, stereo = 0, hdr = 0 exclusive = 0
18:02:51:887 (00017660) > [Render] 		- Mode 26 : 1024 x  768 @ 144 Hz, stereo = 0, hdr = 0 exclusive = 0
18:02:51:887 (00017660) > [Render] 		- Mode 27 : 1152 x  864 @  60 Hz, stereo = 0, hdr = 0 exclusive = 0
18:02:51:887 (00017660) > [Render] 		- Mode 28 : 1152 x  864 @  60 Hz, stereo = 0, hdr = 0 exclusive = 0
18:02:51:887 (00017660) > [Render] 		- Mode 29 : 1152 x  864 @  75 Hz, stereo = 0, hdr = 0 exclusive = 0
18:02:51:887 (00017660) > [Render] 		- Mode 30 : 1152 x  864 @  75 Hz, stereo = 0, hdr = 0 exclusive = 0
18:02:51:887 (00017660) > [Render] 		- Mode 31 : 1152 x  864 @ 100 Hz, stereo = 0, hdr = 0 exclusive = 0
18:02:51:887 (00017660) > [Render] 		- Mode 32 : 1152 x  864 @ 100 Hz, stereo = 0, hdr = 0 exclusive = 0
18:02:51:887 (00017660) > [Render] 		- Mode 33 : 1152 x  864 @ 120 Hz, stereo = 0, hdr = 0 exclusive = 0
18:02:51:887 (00017660) > [Render] 		- Mode 34 : 1152 x  864 @ 120 Hz, stereo = 0, hdr = 0 exclusive = 0
18:02:51:887 (00017660) > [Render] 		- Mode 35 : 1152 x  864 @ 120 Hz, stereo = 0, hdr = 0 exclusive = 0
18:02:51:887 (00017660) > [Render] 		- Mode 36 : 1152 x  864 @ 120 Hz, stereo = 0, hdr = 0 exclusive = 0
18:02:51:887 (00017660) > [Render] 		- Mode 37 : 1152 x  864 @ 144 Hz, stereo = 0, hdr = 0 exclusive = 0
18:02:51:887 (00017660) > [Render] 		- Mode 38 : 1152 x  864 @ 144 Hz, stereo = 0, hdr = 0 exclusive = 0
18:02:51:887 (00017660) > [Render] 		- Mode 39 : 1176 x  664 @  50 Hz, stereo = 0, hdr = 0 exclusive = 0
18:02:51:887 (00017660) > [Render] 		- Mode 40 : 1176 x  664 @  50 Hz, stereo = 0, hdr = 0 exclusive = 0
18:02:51:887 (00017660) > [Render] 		- Mode 41 : 1176 x  664 @  60 Hz, stereo = 0, hdr = 0 exclusive = 0
18:02:51:887 (00017660) > [Render] 		- Mode 42 : 1176 x  664 @  60 Hz, stereo = 0, hdr = 0 exclusive = 0
18:02:51:887 (00017660) > [Render] 		- Mode 43 : 1176 x  664 @  75 Hz, stereo = 0, hdr = 0 exclusive = 0
18:02:51:887 (00017660) > [Render] 		- Mode 44 : 1176 x  664 @  75 Hz, stereo = 0, hdr = 0 exclusive = 0
18:02:51:887 (00017660) > [Render] 		- Mode 45 : 1176 x  664 @ 100 Hz, stereo = 0, hdr = 0 exclusive = 0
18:02:51:887 (00017660) > [Render] 		- Mode 46 : 1176 x  664 @ 100 Hz, stereo = 0, hdr = 0 exclusive = 0
18:02:51:887 (00017660) > [Render] 		- Mode 47 : 1176 x  664 @ 120 Hz, stereo = 0, hdr = 0 exclusive = 0
18:02:51:887 (00017660) > [Render] 		- Mode 48 : 1176 x  664 @ 120 Hz, stereo = 0, hdr = 0 exclusive = 0
18:02:51:887 (00017660) > [Render] 		- Mode 49 : 1176 x  664 @  60 Hz, stereo = 0, hdr = 0 exclusive = 0
18:02:51:887 (00017660) > [Render] 		- Mode 50 : 1176 x  664 @  60 Hz, stereo = 0, hdr = 0 exclusive = 0
18:02:51:887 (00017660) > [Render] 		- Mode 51 : 1176 x  664 @ 120 Hz, stereo = 0, hdr = 0 exclusive = 0
18:02:51:887 (00017660) > [Render] 		- Mode 52 : 1176 x  664 @ 120 Hz, stereo = 0, hdr = 0 exclusive = 0
18:02:51:887 (00017660) > [Render] 		- Mode 53 : 1176 x  664 @ 144 Hz, stereo = 0, hdr = 0 exclusive = 0
18:02:51:887 (00017660) > [Render] 		- Mode 54 : 1176 x  664 @ 144 Hz, stereo = 0, hdr = 0 exclusive = 0
18:02:51:887 (00017660) > [Render] 		- Mode 55 : 1280 x  720 @  50 Hz, stereo = 0, hdr = 0 exclusive = 0
18:02:51:887 (00017660) > [Render] 		- Mode 56 : 1280 x  720 @  60 Hz, stereo = 0, hdr = 0 exclusive = 0
18:02:51:887 (00017660) > [Render] 		- Mode 57 : 1280 x  720 @  60 Hz, stereo = 0, hdr = 0 exclusive = 0
18:02:51:887 (00017660) > [Render] 		- Mode 58 : 1280 x  720 @  75 Hz, stereo = 0, hdr = 0 exclusive = 0
18:02:51:887 (00017660) > [Render] 		- Mode 59 : 1280 x  720 @  75 Hz, stereo = 0, hdr = 0 exclusive = 0
18:02:51:887 (00017660) > [Render] 		- Mode 60 : 1280 x  720 @ 100 Hz, stereo = 0, hdr = 0 exclusive = 0
18:02:51:887 (00017660) > [Render] 		- Mode 61 : 1280 x  720 @ 100 Hz, stereo = 0, hdr = 0 exclusive = 0
18:02:51:887 (00017660) > [Render] 		- Mode 62 : 1280 x  720 @ 120 Hz, stereo = 0, hdr = 0 exclusive = 0
18:02:51:887 (00017660) > [Render] 		- Mode 63 : 1280 x  720 @ 120 Hz, stereo = 0, hdr = 0 exclusive = 0
18:02:51:887 (00017660) > [Render] 		- Mode 64 : 1280 x  720 @  60 Hz, stereo = 0, hdr = 0 exclusive = 0
18:02:51:887 (00017660) > [Render] 		- Mode 65 : 1280 x  720 @ 120 Hz, stereo = 0, hdr = 0 exclusive = 0
18:02:51:887 (00017660) > [Render] 		- Mode 66 : 1280 x  720 @ 120 Hz, stereo = 0, hdr = 0 exclusive = 0
18:02:51:887 (00017660) > [Render] 		- Mode 67 : 1280 x  720 @ 144 Hz, stereo = 0, hdr = 0 exclusive = 0
18:02:51:887 (00017660) > [Render] 		- Mode 68 : 1280 x  720 @ 144 Hz, stereo = 0, hdr = 0 exclusive = 0
18:02:51:887 (00017660) > [Render] 		- Mode 69 : 1280 x  768 @  60 Hz, stereo = 0, hdr = 0 exclusive = 0
18:02:51:887 (00017660) > [Render] 		- Mode 70 : 1280 x  768 @  60 Hz, stereo = 0, hdr = 0 exclusive = 0
18:02:51:887 (00017660) > [Render] 		- Mode 71 : 1280 x  768 @  75 Hz, stereo = 0, hdr = 0 exclusive = 0
18:02:51:887 (00017660) > [Render] 		- Mode 72 : 1280 x  768 @  75 Hz, stereo = 0, hdr = 0 exclusive = 0
18:02:51:887 (00017660) > [Render] 		- Mode 73 : 1280 x  768 @ 100 Hz, stereo = 0, hdr = 0 exclusive = 0
18:02:51:887 (00017660) > [Render] 		- Mode 74 : 1280 x  768 @ 100 Hz, stereo = 0, hdr = 0 exclusive = 0
18:02:51:887 (00017660) > [Render] 		- Mode 75 : 1280 x  768 @ 120 Hz, stereo = 0, hdr = 0 exclusive = 0
18:02:51:887 (00017660) > [Render] 		- Mode 76 : 1280 x  768 @ 120 Hz, stereo = 0, hdr = 0 exclusive = 0
18:02:51:887 (00017660) > [Render] 		- Mode 77 : 1280 x  768 @ 120 Hz, stereo = 0, hdr = 0 exclusive = 0
18:02:51:887 (00017660) > [Render] 		- Mode 78 : 1280 x  768 @ 120 Hz, stereo = 0, hdr = 0 exclusive = 0
18:02:51:887 (00017660) > [Render] 		- Mode 79 : 1280 x  768 @ 144 Hz, stereo = 0, hdr = 0 exclusive = 0
18:02:51:887 (00017660) > [Render] 		- Mode 80 : 1280 x  768 @ 144 Hz, stereo = 0, hdr = 0 exclusive = 0
18:02:51:887 (00017660) > [Render] 		- Mode 81 : 1280 x  800 @  60 Hz, stereo = 0, hdr = 0 exclusive = 0
18:02:51:887 (00017660) > [Render] 		- Mode 82 : 1280 x  800 @  60 Hz, stereo = 0, hdr = 0 exclusive = 0
18:02:51:887 (00017660) > [Render] 		- Mode 83 : 1280 x  800 @  75 Hz, stereo = 0, hdr = 0 exclusive = 0
18:02:51:887 (00017660) > [Render] 		- Mode 84 : 1280 x  800 @  75 Hz, stereo = 0, hdr = 0 exclusive = 0
18:02:51:887 (00017660) > [Render] 		- Mode 85 : 1280 x  800 @ 100 Hz, stereo = 0, hdr = 0 exclusive = 0
18:02:51:887 (00017660) > [Render] 		- Mode 86 : 1280 x  800 @ 100 Hz, stereo = 0, hdr = 0 exclusive = 0
18:02:51:887 (00017660) > [Render] 		- Mode 87 : 1280 x  800 @ 120 Hz, stereo = 0, hdr = 0 exclusive = 0
18:02:51:887 (00017660) > [Render] 		- Mode 88 : 1280 x  800 @ 120 Hz, stereo = 0, hdr = 0 exclusive = 0
18:02:51:887 (00017660) > [Render] 		- Mode 89 : 1280 x  800 @ 120 Hz, stereo = 0, hdr = 0 exclusive = 0
18:02:51:887 (00017660) > [Render] 		- Mode 90 : 1280 x  800 @ 120 Hz, stereo = 0, hdr = 0 exclusive = 0
18:02:51:887 (00017660) > [Render] 		- Mode 91 : 1280 x  800 @ 144 Hz, stereo = 0, hdr = 0 exclusive = 0
18:02:51:887 (00017660) > [Render] 		- Mode 92 : 1280 x  800 @ 144 Hz, stereo = 0, hdr = 0 exclusive = 0
18:02:51:887 (00017660) > [Render] 		- Mode 93 : 1280 x  960 @  60 Hz, stereo = 0, hdr = 0 exclusive = 0
18:02:51:887 (00017660) > [Render] 		- Mode 94 : 1280 x  960 @  60 Hz, stereo = 0, hdr = 0 exclusive = 0
18:02:51:887 (00017660) > [Render] 		- Mode 95 : 1280 x  960 @  75 Hz, stereo = 0, hdr = 0 exclusive = 0
18:02:51:887 (00017660) > [Render] 		- Mode 96 : 1280 x  960 @  75 Hz, stereo = 0, hdr = 0 exclusive = 0
18:02:51:887 (00017660) > [Render] 		- Mode 97 : 1280 x  960 @ 100 Hz, stereo = 0, hdr = 0 exclusive = 0
18:02:51:887 (00017660) > [Render] 		- Mode 98 : 1280 x  960 @ 100 Hz, stereo = 0, hdr = 0 exclusive = 0
18:02:51:887 (00017660) > [Render] 		- Mode 99 : 1280 x  960 @ 120 Hz, stereo = 0, hdr = 0 exclusive = 0
18:02:51:887 (00017660) > [Render] 		- Mode 100 : 1280 x  960 @ 120 Hz, stereo = 0, hdr = 0 exclusive = 0
18:02:51:887 (00017660) > [Render] 		- Mode 101 : 1280 x  960 @ 120 Hz, stereo = 0, hdr = 0 exclusive = 0
18:02:51:887 (00017660) > [Render] 		- Mode 102 : 1280 x  960 @ 120 Hz, stereo = 0, hdr = 0 exclusive = 0
18:02:51:887 (00017660) > [Render] 		- Mode 103 : 1280 x  960 @ 144 Hz, stereo = 0, hdr = 0 exclusive = 0
18:02:51:887 (00017660) > [Render] 		- Mode 104 : 1280 x  960 @ 144 Hz, stereo = 0, hdr = 0 exclusive = 0
18:02:51:887 (00017660) > [Render] 		- Mode 105 : 1280 x 1024 @  60 Hz, stereo = 0, hdr = 0 exclusive = 0
18:02:51:887 (00017660) > [Render] 		- Mode 106 : 1280 x 1024 @  60 Hz, stereo = 0, hdr = 0 exclusive = 0
18:02:51:887 (00017660) > [Render] 		- Mode 107 : 1280 x 1024 @  75 Hz, stereo = 0, hdr = 0 exclusive = 0
18:02:51:887 (00017660) > [Render] 		- Mode 108 : 1280 x 1024 @  75 Hz, stereo = 0, hdr = 0 exclusive = 0
18:02:51:887 (00017660) > [Render] 		- Mode 109 : 1280 x 1024 @ 100 Hz, stereo = 0, hdr = 0 exclusive = 0
18:02:51:887 (00017660) > [Render] 		- Mode 110 : 1280 x 1024 @ 100 Hz, stereo = 0, hdr = 0 exclusive = 0
18:02:51:887 (00017660) > [Render] 		- Mode 111 : 1280 x 1024 @ 120 Hz, stereo = 0, hdr = 0 exclusive = 0
18:02:51:887 (00017660) > [Render] 		- Mode 112 : 1280 x 1024 @ 120 Hz, stereo = 0, hdr = 0 exclusive = 0
18:02:51:887 (00017660) > [Render] 		- Mode 113 : 1280 x 1024 @ 120 Hz, stereo = 0, hdr = 0 exclusive = 0
18:02:51:887 (00017660) > [Render] 		- Mode 114 : 1280 x 1024 @ 120 Hz, stereo = 0, hdr = 0 exclusive = 0
18:02:51:887 (00017660) > [Render] 		- Mode 115 : 1280 x 1024 @ 144 Hz, stereo = 0, hdr = 0 exclusive = 0
18:02:51:887 (00017660) > [Render] 		- Mode 116 : 1280 x 1024 @ 144 Hz, stereo = 0, hdr = 0 exclusive = 0
18:02:51:887 (00017660) > [Render] 		- Mode 117 : 1360 x  768 @  60 Hz, stereo = 0, hdr = 0 exclusive = 0
18:02:51:887 (00017660) > [Render] 		- Mode 118 : 1360 x  768 @  60 Hz, stereo = 0, hdr = 0 exclusive = 0
18:02:51:887 (00017660) > [Render] 		- Mode 119 : 1360 x  768 @  75 Hz, stereo = 0, hdr = 0 exclusive = 0
18:02:51:887 (00017660) > [Render] 		- Mode 120 : 1360 x  768 @  75 Hz, stereo = 0, hdr = 0 exclusive = 0
18:02:51:887 (00017660) > [Render] 		- Mode 121 : 1360 x  768 @ 100 Hz, stereo = 0, hdr = 0 exclusive = 0
18:02:51:887 (00017660) > [Render] 		- Mode 122 : 1360 x  768 @ 100 Hz, stereo = 0, hdr = 0 exclusive = 0
18:02:51:887 (00017660) > [Render] 		- Mode 123 : 1360 x  768 @ 120 Hz, stereo = 0, hdr = 0 exclusive = 0
18:02:51:887 (00017660) > [Render] 		- Mode 124 : 1360 x  768 @ 120 Hz, stereo = 0, hdr = 0 exclusive = 0
18:02:51:887 (00017660) > [Render] 		- Mode 125 : 1360 x  768 @ 120 Hz, stereo = 0, hdr = 0 exclusive = 0
18:02:51:887 (00017660) > [Render] 		- Mode 126 : 1360 x  768 @ 120 Hz, stereo = 0, hdr = 0 exclusive = 0
18:02:51:887 (00017660) > [Render] 		- Mode 127 : 1360 x  768 @ 144 Hz, stereo = 0, hdr = 0 exclusive = 0
18:02:51:887 (00017660) > [Render] 		- Mode 128 : 1360 x  768 @ 144 Hz, stereo = 0, hdr = 0 exclusive = 0
18:02:51:887 (00017660) > [Render] 		- Mode 129 : 1366 x  768 @  60 Hz, stereo = 0, hdr = 0 exclusive = 0
18:02:51:887 (00017660) > [Render] 		- Mode 130 : 1366 x  768 @  60 Hz, stereo = 0, hdr = 0 exclusive = 0
18:02:51:887 (00017660) > [Render] 		- Mode 131 : 1366 x  768 @  75 Hz, stereo = 0, hdr = 0 exclusive = 0
18:02:51:887 (00017660) > [Render] 		- Mode 132 : 1366 x  768 @  75 Hz, stereo = 0, hdr = 0 exclusive = 0
18:02:51:887 (00017660) > [Render] 		- Mode 133 : 1366 x  768 @ 100 Hz, stereo = 0, hdr = 0 exclusive = 0
18:02:51:887 (00017660) > [Render] 		- Mode 134 : 1366 x  768 @ 100 Hz, stereo = 0, hdr = 0 exclusive = 0
18:02:51:887 (00017660) > [Render] 		- Mode 135 : 1366 x  768 @ 120 Hz, stereo = 0, hdr = 0 exclusive = 0
18:02:51:887 (00017660) > [Render] 		- Mode 136 : 1366 x  768 @ 120 Hz, stereo = 0, hdr = 0 exclusive = 0
18:02:51:887 (00017660) > [Render] 		- Mode 137 : 1366 x  768 @ 120 Hz, stereo = 0, hdr = 0 exclusive = 0
18:02:51:887 (00017660) > [Render] 		- Mode 138 : 1366 x  768 @ 120 Hz, stereo = 0, hdr = 0 exclusive = 0
18:02:51:887 (00017660) > [Render] 		- Mode 139 : 1366 x  768 @ 144 Hz, stereo = 0, hdr = 0 exclusive = 0
18:02:51:887 (00017660) > [Render] 		- Mode 140 : 1366 x  768 @ 144 Hz, stereo = 0, hdr = 0 exclusive = 0
18:02:51:887 (00017660) > [Render] 		- Mode 141 : 1440 x  900 @  60 Hz, stereo = 0, hdr = 0 exclusive = 0
18:02:51:887 (00017660) > [Render] 		- Mode 142 : 1440 x  900 @  60 Hz, stereo = 0, hdr = 0 exclusive = 0
18:02:51:887 (00017660) > [Render] 		- Mode 143 : 1440 x  900 @  75 Hz, stereo = 0, hdr = 0 exclusive = 0
18:02:51:887 (00017660) > [Render] 		- Mode 144 : 1440 x  900 @  75 Hz, stereo = 0, hdr = 0 exclusive = 0
18:02:51:887 (00017660) > [Render] 		- Mode 145 : 1440 x  900 @ 100 Hz, stereo = 0, hdr = 0 exclusive = 0
18:02:51:887 (00017660) > [Render] 		- Mode 146 : 1440 x  900 @ 100 Hz, stereo = 0, hdr = 0 exclusive = 0
18:02:51:887 (00017660) > [Render] 		- Mode 147 : 1440 x  900 @ 120 Hz, stereo = 0, hdr = 0 exclusive = 0
18:02:51:887 (00017660) > [Render] 		- Mode 148 : 1440 x  900 @ 120 Hz, stereo = 0, hdr = 0 exclusive = 0
18:02:51:887 (00017660) > [Render] 		- Mode 149 : 1440 x  900 @ 120 Hz, stereo = 0, hdr = 0 exclusive = 0
18:02:51:887 (00017660) > [Render] 		- Mode 150 : 1440 x  900 @ 120 Hz, stereo = 0, hdr = 0 exclusive = 0
18:02:51:887 (00017660) > [Render] 		- Mode 151 : 1440 x  900 @ 144 Hz, stereo = 0, hdr = 0 exclusive = 0
18:02:51:887 (00017660) > [Render] 		- Mode 152 : 1440 x  900 @ 144 Hz, stereo = 0, hdr = 0 exclusive = 0
18:02:51:887 (00017660) > [Render] 		- Mode 153 : 1440 x 1080 @  50 Hz, stereo = 0, hdr = 0 exclusive = 0
18:02:51:887 (00017660) > [Render] 		- Mode 154 : 1440 x 1080 @  50 Hz, stereo = 0, hdr = 0 exclusive = 0
18:02:51:887 (00017660) > [Render] 		- Mode 155 : 1440 x 1080 @  60 Hz, stereo = 0, hdr = 0 exclusive = 0
18:02:51:887 (00017660) > [Render] 		- Mode 156 : 1440 x 1080 @  60 Hz, stereo = 0, hdr = 0 exclusive = 0
18:02:51:887 (00017660) > [Render] 		- Mode 157 : 1440 x 1080 @  75 Hz, stereo = 0, hdr = 0 exclusive = 0
18:02:51:887 (00017660) > [Render] 		- Mode 158 : 1440 x 1080 @  75 Hz, stereo = 0, hdr = 0 exclusive = 0
18:02:51:887 (00017660) > [Render] 		- Mode 159 : 1440 x 1080 @ 100 Hz, stereo = 0, hdr = 0 exclusive = 0
18:02:51:887 (00017660) > [Render] 		- Mode 160 : 1440 x 1080 @ 100 Hz, stereo = 0, hdr = 0 exclusive = 0
18:02:51:887 (00017660) > [Render] 		- Mode 161 : 1440 x 1080 @ 120 Hz, stereo = 0, hdr = 0 exclusive = 0
18:02:51:887 (00017660) > [Render] 		- Mode 162 : 1440 x 1080 @ 120 Hz, stereo = 0, hdr = 0 exclusive = 0
18:02:51:887 (00017660) > [Render] 		- Mode 163 : 1440 x 1080 @  60 Hz, stereo = 0, hdr = 0 exclusive = 0
18:02:51:887 (00017660) > [Render] 		- Mode 164 : 1440 x 1080 @  60 Hz, stereo = 0, hdr = 0 exclusive = 0
18:02:51:887 (00017660) > [Render] 		- Mode 165 : 1440 x 1080 @ 120 Hz, stereo = 0, hdr = 0 exclusive = 0
18:02:51:887 (00017660) > [Render] 		- Mode 166 : 1440 x 1080 @ 120 Hz, stereo = 0, hdr = 0 exclusive = 0
18:02:51:887 (00017660) > [Render] 		- Mode 167 : 1440 x 1080 @ 144 Hz, stereo = 0, hdr = 0 exclusive = 0
18:02:51:887 (00017660) > [Render] 		- Mode 168 : 1440 x 1080 @ 144 Hz, stereo = 0, hdr = 0 exclusive = 0
18:02:51:887 (00017660) > [Render] 		- Mode 169 : 1600 x  900 @  60 Hz, stereo = 0, hdr = 0 exclusive = 0
18:02:51:887 (00017660) > [Render] 		- Mode 170 : 1600 x  900 @  60 Hz, stereo = 0, hdr = 0 exclusive = 0
18:02:51:887 (00017660) > [Render] 		- Mode 171 : 1600 x  900 @  75 Hz, stereo = 0, hdr = 0 exclusive = 0
18:02:51:887 (00017660) > [Render] 		- Mode 172 : 1600 x  900 @  75 Hz, stereo = 0, hdr = 0 exclusive = 0
18:02:51:887 (00017660) > [Render] 		- Mode 173 : 1600 x  900 @ 100 Hz, stereo = 0, hdr = 0 exclusive = 0
18:02:51:887 (00017660) > [Render] 		- Mode 174 : 1600 x  900 @ 100 Hz, stereo = 0, hdr = 0 exclusive = 0
18:02:51:887 (00017660) > [Render] 		- Mode 175 : 1600 x  900 @ 120 Hz, stereo = 0, hdr = 0 exclusive = 0
18:02:51:887 (00017660) > [Render] 		- Mode 176 : 1600 x  900 @ 120 Hz, stereo = 0, hdr = 0 exclusive = 0
18:02:51:887 (00017660) > [Render] 		- Mode 177 : 1600 x  900 @ 120 Hz, stereo = 0, hdr = 0 exclusive = 0
18:02:51:887 (00017660) > [Render] 		- Mode 178 : 1600 x  900 @ 120 Hz, stereo = 0, hdr = 0 exclusive = 0
18:02:51:887 (00017660) > [Render] 		- Mode 179 : 1600 x  900 @ 144 Hz, stereo = 0, hdr = 0 exclusive = 0
18:02:51:887 (00017660) > [Render] 		- Mode 180 : 1600 x  900 @ 144 Hz, stereo = 0, hdr = 0 exclusive = 0
18:02:51:887 (00017660) > [Render] 		- Mode 181 : 1600 x 1024 @  60 Hz, stereo = 0, hdr = 0 exclusive = 0
18:02:51:887 (00017660) > [Render] 		- Mode 182 : 1600 x 1024 @  60 Hz, stereo = 0, hdr = 0 exclusive = 0
18:02:51:887 (00017660) > [Render] 		- Mode 183 : 1600 x 1024 @  75 Hz, stereo = 0, hdr = 0 exclusive = 0
18:02:51:887 (00017660) > [Render] 		- Mode 184 : 1600 x 1024 @  75 Hz, stereo = 0, hdr = 0 exclusive = 0
18:02:51:887 (00017660) > [Render] 		- Mode 185 : 1600 x 1024 @ 100 Hz, stereo = 0, hdr = 0 exclusive = 0
18:02:51:887 (00017660) > [Render] 		- Mode 186 : 1600 x 1024 @ 100 Hz, stereo = 0, hdr = 0 exclusive = 0
18:02:51:887 (00017660) > [Render] 		- Mode 187 : 1600 x 1024 @ 120 Hz, stereo = 0, hdr = 0 exclusive = 0
18:02:51:887 (00017660) > [Render] 		- Mode 188 : 1600 x 1024 @ 120 Hz, stereo = 0, hdr = 0 exclusive = 0
18:02:51:887 (00017660) > [Render] 		- Mode 189 : 1600 x 1024 @ 120 Hz, stereo = 0, hdr = 0 exclusive = 0
18:02:51:887 (00017660) > [Render] 		- Mode 190 : 1600 x 1024 @ 120 Hz, stereo = 0, hdr = 0 exclusive = 0
18:02:51:887 (00017660) > [Render] 		- Mode 191 : 1600 x 1024 @ 144 Hz, stereo = 0, hdr = 0 exclusive = 0
18:02:51:887 (00017660) > [Render] 		- Mode 192 : 1600 x 1024 @ 144 Hz, stereo = 0, hdr = 0 exclusive = 0
18:02:51:887 (00017660) > [Render] 		- Mode 193 : 1680 x 1050 @  60 Hz, stereo = 0, hdr = 0 exclusive = 0
18:02:51:887 (00017660) > [Render] 		- Mode 194 : 1680 x 1050 @  60 Hz, stereo = 0, hdr = 0 exclusive = 0
18:02:51:887 (00017660) > [Render] 		- Mode 195 : 1680 x 1050 @  75 Hz, stereo = 0, hdr = 0 exclusive = 0
18:02:51:887 (00017660) > [Render] 		- Mode 196 : 1680 x 1050 @  75 Hz, stereo = 0, hdr = 0 exclusive = 0
18:02:51:887 (00017660) > [Render] 		- Mode 197 : 1680 x 1050 @ 100 Hz, stereo = 0, hdr = 0 exclusive = 0
18:02:51:887 (00017660) > [Render] 		- Mode 198 : 1680 x 1050 @ 100 Hz, stereo = 0, hdr = 0 exclusive = 0
18:02:51:887 (00017660) > [Render] 		- Mode 199 : 1680 x 1050 @ 120 Hz, stereo = 0, hdr = 0 exclusive = 0
18:02:51:887 (00017660) > [Render] 		- Mode 200 : 1680 x 1050 @ 120 Hz, stereo = 0, hdr = 0 exclusive = 0
18:02:51:887 (00017660) > [Render] 		- Mode 201 : 1680 x 1050 @ 120 Hz, stereo = 0, hdr = 0 exclusive = 0
18:02:51:887 (00017660) > [Render] 		- Mode 202 : 1680 x 1050 @ 120 Hz, stereo = 0, hdr = 0 exclusive = 0
18:02:51:887 (00017660) > [Render] 		- Mode 203 : 1680 x 1050 @ 144 Hz, stereo = 0, hdr = 0 exclusive = 0
18:02:51:887 (00017660) > [Render] 		- Mode 204 : 1680 x 1050 @ 144 Hz, stereo = 0, hdr = 0 exclusive = 0
18:02:51:887 (00017660) > [Render] 		- Mode 205 : 1920 x 1080 @  50 Hz, stereo = 0, hdr = 0 exclusive = 0
18:02:51:887 (00017660) > [Render] 		- Mode 206 : 1920 x 1080 @  60 Hz, stereo = 0, hdr = 0 exclusive = 0
18:02:51:887 (00017660) > [Render] 		- Mode 207 : 1920 x 1080 @  75 Hz, stereo = 0, hdr = 0 exclusive = 0
18:02:51:887 (00017660) > [Render] 		- Mode 208 : 1920 x 1080 @ 100 Hz, stereo = 0, hdr = 0 exclusive = 0
18:02:51:887 (00017660) > [Render] 		- Mode 209 : 1920 x 1080 @ 120 Hz, stereo = 0, hdr = 0 exclusive = 0
18:02:51:887 (00017660) > [Render] 		- Mode 210 : 1920 x 1080 @  60 Hz, stereo = 0, hdr = 0 exclusive = 0
18:02:51:887 (00017660) > [Render] 		- Mode 211 : 1920 x 1080 @ 120 Hz, stereo = 0, hdr = 0 exclusive = 0
18:02:51:887 (00017660) > [Render] 		- Mode 212 : 1920 x 1080 @ 144 Hz, stereo = 0, hdr = 0 exclusive = 0
18:02:51:887 (00017660) > [Render] ***** Additional Monitor Output Info *****
18:02:51:887 (00017660) > [Render] 		BitsPerColor: 8
18:02:51:887 (00017660) > [Render] 		Primaries: R=0.6562;0.3330  G=0.3232;0.6074  B=0.1455;0.0684  White-Point=0.3125;0.3291
18:02:51:887 (00017660) > [Render] 		HDR: No (Color Space: DXGI_COLOR_SPACE_RGB_FULL_G22_NONE_P709)
18:02:51:887 (00017660) > [Render] 		Luminance: Min=0.5000 Max=270.0000 MaxFullFrame=270.0000
18:02:51:887 (00017660) > [Render] ******************************************
18:02:51:887 (00017660) > [Render] 
18:02:53:022 (00017660) > [NxReflex] Reflex support result:Result::eOk
18:02:53:022 (00017660) > [NxReflex] Reflex GetState result:Result::eErrorNotInitialized
18:02:53:022 (00017660) > [NxReflex] DLSSG support result:Result::eErrorNoSupportedAdapterFound
18:02:53:022 (00017660) > [NxApp] Querying GPU Driver Info...
18:02:53:023 (00017660) > [NxApp] Enumerating available display adapters:
18:02:53:034 (00017660) > [NxApp] 		Intel(R) UHD Graphics 770
18:02:53:034 (00017660) > [NxApp] 		NVIDIA GeForce RTX 3070 (active)
18:02:53:034 (00017660) > [NxApp] Successfully found GPU Driver Info
18:02:53:034 (00017660) > [D3D] Max supported feature level: 11.0
18:02:53:034 (00017660) > [Render] Disabled D3D12 experimentals
18:02:53:188 (00017660) > [Render] VMEM Budget: 7250 MB
18:02:53:188 (00017660) > [Render] VMEM Available: 7243 MB
18:02:54:078 (00017660) > [Render] GPU node count: 1
18:02:54:116 (00017660) > [NxFfx] Anti-Lag2 not supported. Error code (-2147024890)
18:02:54:116 (00017660) > [NxReflex] Reflex support result:Result::eOk
18:02:54:117 (00017660) > [NxReflex] Reflex GetState result:Result::eOk
18:02:54:117 (00017660) > [NxApp] PreInit successful.
18:02:54:117 (00017660) > [NxUpscaler] SL DLSS support: Result::eOk
18:02:54:182 (00017660) > [NxUpscaler] XeSS init, code = 0
18:02:54:183 (00017660) > [Validate Settings] Disabled AMD anti-lag as it is not supported
18:02:54:187 (00017660) > [Input] Keyboard language: " ()" (id: 1033)
18:02:54:187 (00017660) > [Input] Keyboard physical layout: "US" (id: 00000409)
18:02:54:187 (00017660) > [Input] Human Input Device  "HID-compliant device"   product 49283 vendor 1133 version 0 usage 1 usagePage 89
18:02:54:187 (00017660) > [Input] Joystick            ""   product 5862 vendor 2385 version 8456 usage 1 usagePage 65299 xinput no
18:02:54:187 (00017660) > [Input] Joystick            ""   product 5862 vendor 2385 version 8456 usage 1 usagePage 12 xinput no
18:02:54:188 (00017660) > [Input] Joystick            ""   product 49283 vendor 1133 version 2049 usage 2 usagePage 65280 xinput no
18:02:54:188 (00017660) > [Input] Joystick            ""   product 49283 vendor 1133 version 2049 usage 1 usagePage 65280 xinput no
18:02:54:188 (00017660) > [Input] Joystick            ""   product 32152 vendor 5218 version 1 usage 0 usagePage 1 xinput no
18:02:54:188 (00017660) > [Input] Joystick            ""   product 49283 vendor 1133 version 2049 usage 1 usagePage 12 xinput no
18:02:54:188 (00017660) > [Input] Mouse               "HID-compliant mouse"   id 256 buttons 5 sampleRate 0 horizontalWheel no
18:02:54:188 (00017660) > [Input] Mouse               "HID-compliant mouse"   id 256 buttons 16 sampleRate 0 horizontalWheel no
18:02:54:188 (00017660) > [Input] Keyboard            "HID Keyboard Device"   type 81 subType 0 mode 1 function 12 indicators 3 total 152
18:02:54:188 (00017660) > [Input] Keyboard            "HID Keyboard Device"   type 81 subType 0 mode 1 function 12 indicators 3 total 173
18:02:54:188 (00017660) > [Input] Keyboard            "HID Keyboard Device"   type 81 subType 0 mode 1 function 12 indicators 3 total 240
18:02:54:188 (00017660) > [Input] Keyboard            "HID Keyboard Device"   type 81 subType 0 mode 1 function 12 indicators 3 total 264
18:02:54:199 (00017660) > [Input] PsPc libScePad.dll not detected
18:02:54:199 (00017660) > [Input] Using LibScePad
18:02:54:199 (00017660) > [XInput] Enumerating available xusb hid devices:

18:02:55:791 (00017660) > [Validate Settings] Disabled AMD anti-lag as it is not supported
18:02:55:791 (00017660) > [NxReflex] Reflex support result:Result::eOk
18:02:55:792 (00017660) > [NxReflex] Reflex GetState result:Result::eOk
18:02:55:792 (00017660) > [NxReflex] DLSSG support result:Result::eErrorNoSupportedAdapterFound
18:02:55:792 (00017660) > [NxApp] Driver Desc: NVIDIA GeForce RTX 3070
18:02:55:792 (00017660) > [NxApp] Driver Version: 581.80
18:02:55:792 (00017660) > [**************************************************Display + Graphics Settings**************************************************] 
18:02:55:792 (00017660) > [Settings] DirectX Version: 12
18:02:55:792 (00017660) > [Settings] Window mode: Fullscreen
18:02:55:792 (00017660) > [Settings] Fullscreen display mode:
18:02:55:792 (00017660) > [Settings] 	Displaying on monitor: 0
18:02:55:792 (00017660) > [Settings] 	Resolution: 2560x1440
18:02:55:792 (00017660) > [Settings] 	Forced Aspect Ratio: Auto
18:02:55:792 (00017660) > [Settings] 	HDR: Off
18:02:55:792 (00017660) > [Settings] 	OS reported Refresh rate: 144
18:02:55:792 (00017660) > [Settings] 	VSync: Off
18:02:55:792 (00017660) > [Settings] 	Reflex: Low Latency
18:02:55:792 (00017660) > [Settings] 	Anti-Lag2: Off
18:02:55:792 (00017660) > [Settings] 	Frame generation: None
18:02:55:792 (00017660) > [Settings] 	Dynamic resolution FPS target: 0
18:02:55:792 (00017660) > [Settings] Anti aliasing: DLAA
18:02:55:792 (00017660) > [Settings] Upscale method: DLSS
18:02:55:792 (00017660) > [Settings] Upscale quality: Balanced
18:02:55:792 (00017660) > [Settings] Graphics Options:
18:02:55:792 (00017660) > [Settings] 	Texture Quality: High
18:02:55:792 (00017660) > [Settings] 	Texture Filtering: Anisotropic4x
18:02:55:792 (00017660) > [Settings] 	Shadow Quality: High
18:02:55:792 (00017660) > [Settings] 	Depth of Field: Low
18:02:55:792 (00017660) > [Settings] 	Level of Detail: High
18:02:55:792 (00017660) > [Settings] 	Terrain Detail: High
18:02:55:792 (00017660) > [Settings] 	Ambient Occlusion: SSAO Quality
18:02:55:792 (00017660) > [Settings] 	Screen Space Reflections: Full Res
18:02:55:792 (00017660) > [Settings] 	Screen Space Shadows: High
18:02:55:792 (00017660) > [Settings] 	Volumetric Fog: Very High
18:02:55:792 (00017660) > [Settings] 	Bloom: On
18:02:55:792 (00017660) > [Settings] 	Vignette: On
18:02:55:792 (00017660) > [Settings] 	Caustics: On
18:02:55:792 (00017660) > [Settings] 	Motion Blur: 1.000000
18:02:55:792 (00017660) > [Settings] 	FOV Correction: 1.000000
18:02:55:792 (00017660) > [**************************************************Display + Graphics Settings**************************************************] 
18:02:55:792 (00017660) > [Startup] Initial LEGDLCS: 4
18:02:55:792 (00017660) > [Startup] Creating compute command queue of type 2
18:02:55:810 (00017660) > [Startup] Creating copy command queue of type 3
18:02:55:817 (00017660) > [NxApp] Creating window...
18:02:55:818 (00023088) > [GameWindow] UpdateState bVisible true
18:02:55:833 (00017660) > [NxApp] Window created.
18:02:55:833 (00017660) > [NxApp] Initializing swapchain...
18:02:55:833 (00020472) > [SwapChain] Creating...
18:02:55:833 (00020472) > [NxSwapChainImpl] Swapchain native backbuffer (windows) resolution: 2560x1440
18:02:55:833 (00020472) > [Upscaler] ConvertScreenToRenderRes: wxh = 1485x835 | min = 1280x720 | max =  2560x1440
18:02:55:849 (00020472) > [DXGI] Created swapchain.
18:02:55:855 (00020472) > [SwapChain] Gamma correction is enabled.
18:02:55:855 (00020472) > [SwapChain] Successfully created.
18:02:55:855 (00020472) > [NxSwapChainImpl] Swapchain native backbuffer (windows) resolution: 2560x1440
18:02:55:855 (00020472) > [Upscaler] ConvertScreenToRenderRes: wxh = 1485x835 | min = 1280x720 | max =  2560x1440
18:02:55:855 (00017660) > [NxApp] Swapchain initialized
18:02:55:855 (00017660) > [NxApp] Initializing renderer...
18:02:55:855 (00017660) > [NxApp] Renderer initialized
18:02:55:856 (00017660) > [NxStorage] Detected device at 'h:\ghost of tsushima directors cut', name 'KINGSTON SA400S37120G', SSD: Yes, NVMe: No
18:02:56:519 (00017660) > [NxStorage] DirectStorage initialization succeeded
18:02:56:519 (00017660) > [CJobManager] Creating  10 worker threads, run on  11 cores
18:02:56:553 (00017660) > [Render] PSO cache file C:\Users\Darrellson\AppData\Roaming\Sucker Punch Productions\Ghost of Tsushima DIRECTOR'S CUT\\user.pso not found, no pipelines read.
18:02:56:567 (00017660) > [Render] Pipeline cache default.pso read succesfully, read 16192 pipelines, found 0 duplicates.
18:02:56:872 (00017660) > [Steam] Stats received: 2
18:02:57:896 (00020808) > [PSNLNK] ERROR reqk 1001 400
18:03:49:846 (00013404) > [Render] Quering NVAPI for GPU temperature
18:03:49:846 (00013404) > [Render] Working set: 5275MB Page file: 10170MB Video Budget: 7250MB Video Usage: 4046MB Sys Budget: 7388MB Sys Usage: 314MB Demoted: 0MB fps: 206.9
18:04:49:844 (00013404) > [Render] Quering NVAPI for GPU temperature
18:04:49:844 (00013404) > [Render] Working set: 5351MB Page file: 11022MB Video Budget: 7250MB Video Usage: 4716MB Sys Budget: 7388MB Sys Usage: 318MB Demoted: 0MB fps: 107.0
18:05:49:839 (00013404) > [Render] Quering NVAPI for GPU temperature
18:05:49:839 (00013404) > [Render] Working set: 5407MB Page file: 11126MB Video Budget: 7250MB Video Usage: 4756MB Sys Budget: 7388MB Sys Usage: 325MB Demoted: 0MB fps: 107.2
18:06:49:841 (00013404) > [Render] Quering NVAPI for GPU temperature
18:06:49:841 (00013404) > [Render] Working set: 5454MB Page file: 11647MB Video Budget: 7250MB Video Usage: 5164MB Sys Budget: 7388MB Sys Usage: 325MB Demoted: 0MB fps: 99.6
18:07:49:842 (00013404) > [Render] Quering NVAPI for GPU temperature
18:07:49:842 (00013404) > [Render] Working set: 5536MB Page file: 11676MB Video Budget: 7250MB Video Usage: 5163MB Sys Budget: 7388MB Sys Usage: 325MB Demoted: 0MB fps: 161.8
18:08:49:840 (00013404) > [Render] Quering NVAPI for GPU temperature
18:08:49:840 (00013404) > [Render] Working set: 5571MB Page file: 11885MB Video Budget: 7001MB Video Usage: 5298MB Sys Budget: 7388MB Sys Usage: 326MB Demoted: 0MB fps: 116.3
18:09:49:844 (00013404) > [Render] Quering NVAPI for GPU temperature
18:09:49:844 (00013404) > [Render] Working set: 5584MB Page file: 11732MB Video Budget: 7250MB Video Usage: 5167MB Sys Budget: 7388MB Sys Usage: 326MB Demoted: 0MB fps: 159.8
18:10:49:849 (00013404) > [Render] Quering NVAPI for GPU temperature
18:10:49:849 (00013404) > [Render] Working set: 5598MB Page file: 11801MB Video Budget: 7072MB Video Usage: 5223MB Sys Budget: 7388MB Sys Usage: 327MB Demoted: 0MB fps: 102.1
18:11:49:840 (00013404) > [Render] Quering NVAPI for GPU temperature
18:11:49:840 (00013404) > [Render] Working set: 5703MB Page file: 12153MB Video Budget: 7018MB Video Usage: 5439MB Sys Budget: 7388MB Sys Usage: 334MB Demoted: 0MB fps: 92.4
18:12:49:840 (00013404) > [Render] Quering NVAPI for GPU temperature
18:12:49:840 (00013404) > [Render] Working set: 5719MB Page file: 12090MB Video Budget: 7018MB Video Usage: 5362MB Sys Budget: 7388MB Sys Usage: 335MB Demoted: 0MB fps: 100.7
18:13:49:844 (00013404) > [Render] Quering NVAPI for GPU temperature
18:13:49:844 (00013404) > [Render] Working set: 5808MB Page file: 12213MB Video Budget: 7046MB Video Usage: 5371MB Sys Budget: 7388MB Sys Usage: 399MB Demoted: 0MB fps: 114.9
18:14:14:888 (00017660) > [NxApp] Destroying
18:14:14:888 (00017660) > [DXGI] Destroyed swapchain.
18:14:14:888 (00017660) > [SwapChain] Destroyed.
18:14:14:888 (00017660) > [SwapChain] Released.
18:14:14:891 (00023088) > [Crash] Memory statistics:
18:14:14:891 (00023088) > [Crash]   Total RAM = 15.7 GB (16093 MB)
18:14:14:891 (00023088) > [Crash]   Avail RAM = 3.8 GB (3884 MB)
18:14:14:891 (00023088) > [Crash]   Total virtual memory = 131072.0 GB (134217727 MB)
18:14:14:891 (00023088) > [Crash]   Avail virtual memory = 131016.8 GB (134161158 MB)
18:14:14:891 (00023088) > [Crash]   Total page file = 28.2 GB (28893 MB)
18:14:14:891 (00023088) > [Crash]   Avail page file = 7.0 GB (7204 MB)
18:14:14:891 (00023088) > [Crash] Unhandled exception at address 0x0000000000000000 (code: 0xc0000005): "Access violation"
18:14:14:911 (00017660) > [Render] Unloading NVAPI
18:14:14:912 (00017660) > [Render] Done unloading NVAPI
18:14:14:912 (00017660) > [DXGI] Destroyed swapchain.
18:14:14:912 (00017660) > [DXGI] Released.
